<?xml version="1.0" encoding="utf-8"?>
<TestRun id="147382f6-27dd-485e-9f47-461883ff87a0" name="koros@LAPTOP-NB8NBGLN 2025-12-02 18:49:09" runUser="LAPTOP-NB8NBGLN\koros" xmlns="http://microsoft.com/schemas/VisualStudio/TeamTest/2010">
  <Times creation="2025-12-02T18:49:09.1841513+00:00" queuing="2025-12-02T18:49:09.1841516+00:00" start="2025-12-02T18:41:38.9476935+00:00" finish="2025-12-02T18:49:09.1844820+00:00" />
  <TestSettings name="default" id="c87da57c-cfb1-44ee-a06f-b479b71d7c92">
    <Deployment runDeploymentRoot="koros_LAPTOP-NB8NBGLN_2025-12-02_18_49_09" />
  </TestSettings>
  <TestLists>
    <TestList name="Results Not in a List" id="8c84fa94-04c1-424b-9868-57a2d4851a1d" />
    <TestList name="All Loaded Results" id="19431567-8539-422a-85d7-44ee4e166bda" />
  </TestLists>
  <ResultSummary outcome="Failed">
    <Counters total="0" executed="0" passed="0" failed="0" error="0" timeout="0" aborted="0" inconclusive="0" passedButRunAborted="0" notRunnable="0" notExecuted="0" disconnected="0" warning="0" completed="0" inProgress="0" pending="0" />
    <Output>
      <StdOut>Waiting for debugger attach...&#xD;
Process Id: 17556, Name: testhost&#xD;
</StdOut>
    </Output>
    <RunInfos>
      <RunInfo computerName="LAPTOP-NB8NBGLN" outcome="Error" timestamp="2025-12-02T18:49:09.0386536+00:00">
        <Text>vstest.console process failed to connect to testhost process after 450 seconds. This may occur due to machine slowness, please set environment variable VSTEST_CONNECTION_TIMEOUT to increase timeout.</Text>
      </RunInfo>
    </RunInfos>
  </ResultSummary>
</TestRun>