<?xml version="1.0" encoding="utf-8"?>
<TestRun id="7336cc14-427e-4c55-b549-6f52cb628213" name="koros@LAPTOP-NB8NBGLN 2025-11-12 21:15:54" runUser="LAPTOP-NB8NBGLN\koros" xmlns="http://microsoft.com/schemas/VisualStudio/TeamTest/2010">
  <Times creation="2025-11-12T21:15:54.6748936+00:00" queuing="2025-11-12T21:15:54.6748941+00:00" start="2025-11-12T21:11:37.8473063+00:00" finish="2025-11-12T21:15:54.6835021+00:00" />
  <TestSettings name="default" id="5a5d5654-8f24-42f4-811d-a774c45e2495">
    <Deployment runDeploymentRoot="koros_LAPTOP-NB8NBGLN_2025-11-12_21_15_54" />
  </TestSettings>
  <Results>
    <UnitTestResult executionId="4cdf3338-8900-4de5-9688-2b6ba043eb8e" testId="cf9693b1-a1a7-c69a-82cd-13a9b1b93c4c" testName="CheckLocalizationFormOnClick" computerName="LAPTOP-NB8NBGLN" duration="00:02:37.7906319" startTime="2025-11-12T21:13:16.7516745+00:00" endTime="2025-11-12T21:15:54.5422207+00:00" testType="13cdc9d9-ddb5-4fa4-a97d-d965ccfc6d4b" outcome="Failed" testListId="8c84fa94-04c1-424b-9868-57a2d4851a1d" relativeResultsDirectory="4cdf3338-8900-4de5-9688-2b6ba043eb8e">
      <Output>
        <ErrorInfo>
          <Message>System.NullReferenceException : Object reference not set to an instance of an object.</Message>
          <StackTrace>   at FinMore_Automation.Pages.HomePage.GetSwitchToRegistrationButton() in c:\QAACourses\FinMore_Automation\Pages\HomePage.cs:line 32&#xD;
   at FinMore_Automation.Pages.HomePage.ClickRegistration() in c:\QAACourses\FinMore_Automation\Pages\HomePage.cs:line 65&#xD;
   at FinMore_Automation.Tests.HomePageTests.CheckLocalizationFormOnClick() in c:\QAACourses\FinMore_Automation\Tests\HomePageTests.cs:line 47&#xD;
   at System.RuntimeMethodHandle.InvokeMethod(Object target, Void** arguments, Signature sig, Boolean isConstructor)&#xD;
   at System.Reflection.MethodBaseInvoker.InvokeWithNoArgs(Object obj, BindingFlags invokeAttr)
</StackTrace>
        </ErrorInfo>
      </Output>
    </UnitTestResult>
  </Results>
  <TestDefinitions>
    <UnitTest name="CheckLocalizationFormOnClick" storage="c:\qaacourses\finmore_automation\bin\debug\net8.0\finmore_automation.dll" id="cf9693b1-a1a7-c69a-82cd-13a9b1b93c4c">
      <Execution id="4cdf3338-8900-4de5-9688-2b6ba043eb8e" />
      <TestMethod codeBase="c:\QAACourses\FinMore_Automation\bin\Debug\net8.0\FinMore_Automation.dll" adapterTypeName="executor://nunit3testexecutor/" className="FinMore_Automation.Tests.HomePageTests" name="CheckLocalizationFormOnClick" />
    </UnitTest>
  </TestDefinitions>
  <TestEntries>
    <TestEntry testId="cf9693b1-a1a7-c69a-82cd-13a9b1b93c4c" executionId="4cdf3338-8900-4de5-9688-2b6ba043eb8e" testListId="8c84fa94-04c1-424b-9868-57a2d4851a1d" />
  </TestEntries>
  <TestLists>
    <TestList name="Results Not in a List" id="8c84fa94-04c1-424b-9868-57a2d4851a1d" />
    <TestList name="All Loaded Results" id="19431567-8539-422a-85d7-44ee4e166bda" />
  </TestLists>
  <ResultSummary outcome="Failed">
    <Counters total="1" executed="1" passed="0" failed="1" error="0" timeout="0" aborted="0" inconclusive="0" passedButRunAborted="0" notRunnable="0" notExecuted="0" disconnected="0" warning="0" completed="0" inProgress="0" pending="0" />
    <Output>
      <StdOut>Waiting for debugger attach...&#xD;
Process Id: 15648, Name: testhost&#xD;
NUnit Adapter 4.5.0.0: Test execution started&#xD;
Debugging selected tests in c:\QAACourses\FinMore_Automation\bin\Debug\net8.0\FinMore_Automation.dll&#xD;
   NUnit3TestExecutor discovered 1 of 1 NUnit test cases using Current Discovery mode, Non-Explicit run&#xD;
NUnit Adapter 4.5.0.0: Test execution complete&#xD;
</StdOut>
    </Output>
  </ResultSummary>
</TestRun>