<?xml version="1.0" encoding="utf-8"?>
<TestRun id="169ae41c-ac9b-49df-8d11-fcaa0d1533c3" name="koros@LAPTOP-NB8NBGLN 2025-11-17 14:21:35" runUser="LAPTOP-NB8NBGLN\koros" xmlns="http://microsoft.com/schemas/VisualStudio/TeamTest/2010">
  <Times creation="2025-11-17T14:21:35.4003331+00:00" queuing="2025-11-17T14:21:35.4003334+00:00" start="2025-11-17T14:14:05.1419269+00:00" finish="2025-11-17T14:21:35.4007506+00:00" />
  <TestSettings name="default" id="3dcfabb2-38fd-4a2b-8985-754870abaddf">
    <Deployment runDeploymentRoot="koros_LAPTOP-NB8NBGLN_2025-11-17_14_21_35" />
  </TestSettings>
  <TestLists>
    <TestList name="Results Not in a List" id="8c84fa94-04c1-424b-9868-57a2d4851a1d" />
    <TestList name="All Loaded Results" id="19431567-8539-422a-85d7-44ee4e166bda" />
  </TestLists>
  <ResultSummary outcome="Failed">
    <Counters total="0" executed="0" passed="0" failed="0" error="0" timeout="0" aborted="0" inconclusive="0" passedButRunAborted="0" notRunnable="0" notExecuted="0" disconnected="0" warning="0" completed="0" inProgress="0" pending="0" />
    <Output>
      <StdOut>Waiting for debugger attach...&#xD;
Process Id: 22008, Name: testhost&#xD;
</StdOut>
    </Output>
    <RunInfos>
      <RunInfo computerName="LAPTOP-NB8NBGLN" outcome="Error" timestamp="2025-11-17T14:21:35.2477932+00:00">
        <Text>vstest.console process failed to connect to testhost process after 450 seconds. This may occur due to machine slowness, please set environment variable VSTEST_CONNECTION_TIMEOUT to increase timeout.</Text>
      </RunInfo>
    </RunInfos>
  </ResultSummary>
</TestRun>