<?xml version="1.0" encoding="utf-8"?>
<TestRun id="99200742-da1c-4382-9026-f1dd67ca9d8b" name="koros@LAPTOP-NB8NBGLN 2025-11-17 14:23:21" runUser="LAPTOP-NB8NBGLN\koros" xmlns="http://microsoft.com/schemas/VisualStudio/TeamTest/2010">
  <Times creation="2025-11-17T14:23:21.0342345+00:00" queuing="2025-11-17T14:23:21.0342349+00:00" start="2025-11-17T14:15:50.7865792+00:00" finish="2025-11-17T14:23:21.0348703+00:00" />
  <TestSettings name="default" id="36cece9b-a440-41ae-98c5-d76e13af2ad3">
    <Deployment runDeploymentRoot="koros_LAPTOP-NB8NBGLN_2025-11-17_14_23_21" />
  </TestSettings>
  <TestLists>
    <TestList name="Results Not in a List" id="8c84fa94-04c1-424b-9868-57a2d4851a1d" />
    <TestList name="All Loaded Results" id="19431567-8539-422a-85d7-44ee4e166bda" />
  </TestLists>
  <ResultSummary outcome="Failed">
    <Counters total="0" executed="0" passed="0" failed="0" error="0" timeout="0" aborted="0" inconclusive="0" passedButRunAborted="0" notRunnable="0" notExecuted="0" disconnected="0" warning="0" completed="0" inProgress="0" pending="0" />
    <Output>
      <StdOut>Waiting for debugger attach...&#xD;
Process Id: 3836, Name: testhost&#xD;
</StdOut>
    </Output>
    <RunInfos>
      <RunInfo computerName="LAPTOP-NB8NBGLN" outcome="Error" timestamp="2025-11-17T14:23:20.9004176+00:00">
        <Text>vstest.console process failed to connect to testhost process after 450 seconds. This may occur due to machine slowness, please set environment variable VSTEST_CONNECTION_TIMEOUT to increase timeout.</Text>
      </RunInfo>
    </RunInfos>
  </ResultSummary>
</TestRun>